[debug] [2022-04-12T09:39:01.023Z] ----------------------------------------------------------------------
[debug] [2022-04-12T09:39:01.025Z] Command:       C:\Program Files\nodejs\node.exe C:\Users\10015403\AppData\Roaming\npm\node_modules\firebase-tools\lib\bin\firebase.js deploy
[debug] [2022-04-12T09:39:01.026Z] CLI Version:   10.6.0
[debug] [2022-04-12T09:39:01.026Z] Platform:      win32
[debug] [2022-04-12T09:39:01.026Z] Node Version:  v14.17.1
[debug] [2022-04-12T09:39:01.029Z] Time:          Tue Apr 12 2022 18:39:01 GMT+0900 (대한민국 표준시)
[debug] [2022-04-12T09:39:01.029Z] ----------------------------------------------------------------------
[debug] 
[debug] [2022-04-12T09:39:01.031Z] >>> [apiv2][query] GET https://firebase-public.firebaseio.com/cli.json [none]
[debug] [2022-04-12T09:39:01.103Z] > command requires scopes: ["email","openid","https://www.googleapis.com/auth/cloudplatformprojects.readonly","https://www.googleapis.com/auth/firebase","https://www.googleapis.com/auth/cloud-platform"]
[debug] [2022-04-12T09:39:01.103Z] > authorizing via signed-in user (dev.seungeun@gmail.com)
[debug] [2022-04-12T09:39:01.103Z] [iam] checking project sesh-chatchat for permissions ["firebase.projects.get","firebasehosting.sites.update"]
[debug] [2022-04-12T09:39:01.104Z] > refreshing access token with scopes: []
[debug] [2022-04-12T09:39:01.105Z] >>> HTTP REQUEST POST https://www.googleapis.com/oauth2/v3/token  
 <request body omitted>
[debug] [2022-04-12T09:39:01.328Z] <<< HTTP RESPONSE 200 {"date":"Tue, 12 Apr 2022 09:39:01 GMT","cache-control":"no-cache, no-store, max-age=0, must-revalidate","expires":"Mon, 01 Jan 1990 00:00:00 GMT","pragma":"no-cache","content-type":"application/json; charset=utf-8","vary":"X-Origin, Referer, Origin,Accept-Encoding","server":"scaffolding on HTTPServer2","x-xss-protection":"0","x-frame-options":"SAMEORIGIN","x-content-type-options":"nosniff","alt-svc":"h3=\":443\"; ma=2592000,h3-29=\":443\"; ma=2592000,h3-Q050=\":443\"; ma=2592000,h3-Q046=\":443\"; ma=2592000,h3-Q043=\":443\"; ma=2592000,quic=\":443\"; ma=2592000; v=\"46,43\"","accept-ranges":"none","transfer-encoding":"chunked"}
[debug] [2022-04-12T09:39:01.349Z] >>> [apiv2][query] POST https://cloudresourcemanager.googleapis.com/v1/projects/sesh-chatchat:testIamPermissions [none]
[debug] [2022-04-12T09:39:01.349Z] >>> [apiv2][body] POST https://cloudresourcemanager.googleapis.com/v1/projects/sesh-chatchat:testIamPermissions {"permissions":["firebase.projects.get","firebasehosting.sites.update"]}
[debug] [2022-04-12T09:39:02.249Z] <<< [apiv2][status] POST https://cloudresourcemanager.googleapis.com/v1/projects/sesh-chatchat:testIamPermissions 200
[debug] [2022-04-12T09:39:02.249Z] <<< [apiv2][body] POST https://cloudresourcemanager.googleapis.com/v1/projects/sesh-chatchat:testIamPermissions {"permissions":["firebase.projects.get","firebasehosting.sites.update"]}
[debug] [2022-04-12T09:39:02.250Z] >>> [apiv2][query] GET https://firebase.googleapis.com/v1beta1/projects/sesh-chatchat [none]
[debug] [2022-04-12T09:39:02.657Z] <<< [apiv2][status] GET https://firebase.googleapis.com/v1beta1/projects/sesh-chatchat 200
[debug] [2022-04-12T09:39:02.657Z] <<< [apiv2][body] GET https://firebase.googleapis.com/v1beta1/projects/sesh-chatchat {"projectId":"sesh-chatchat","projectNumber":"1053448136200","displayName":"SESH-chatchat","name":"projects/sesh-chatchat","resources":{"hostingSite":"sesh-chatchat","realtimeDatabaseInstance":"sesh-chatchat-default-rtdb"},"state":"ACTIVE"}
[info] 
[info] === Deploying to 'sesh-chatchat'...
[info] 
[info] i  deploying hosting 
[debug] [2022-04-12T09:39:02.661Z] >>> [apiv2][query] GET https://firebase.googleapis.com/v1beta1/projects/sesh-chatchat [none]
[debug] [2022-04-12T09:39:03.174Z] <<< [apiv2][status] GET https://firebase.googleapis.com/v1beta1/projects/sesh-chatchat 200
[debug] [2022-04-12T09:39:03.175Z] <<< [apiv2][body] GET https://firebase.googleapis.com/v1beta1/projects/sesh-chatchat {"projectId":"sesh-chatchat","projectNumber":"1053448136200","displayName":"SESH-chatchat","name":"projects/sesh-chatchat","resources":{"hostingSite":"sesh-chatchat","realtimeDatabaseInstance":"sesh-chatchat-default-rtdb"},"state":"ACTIVE"}
[debug] [2022-04-12T09:39:03.176Z] >>> [apiv2][query] POST https://firebasehosting.googleapis.com/v1beta1/projects/1053448136200/sites/sesh-chatchat/versions [none]
[debug] [2022-04-12T09:39:03.176Z] >>> [apiv2][body] POST https://firebasehosting.googleapis.com/v1beta1/projects/1053448136200/sites/sesh-chatchat/versions {"config":{},"labels":{"deployment-tool":"cli-firebase"}}
